<?xml version="1.0" encoding="UTF-8"?>
<!-- Generated by org.testng.reporters.JUnitReportReporter -->
<testsuite hostname="LAPTOP-V1UAORND" failures="0" tests="9" name="TestScripts.TestngDemo2DoE" time="0.036" errors="0" timestamp="2023-02-28T12:54:04 IST" skipped="0">
  <testcase classname="TestScripts.TestngDemo2DoE" name="createCustomer" time="0.002"/>
  <system-out>
    <![CDATA[createCustomer]]>
  </system-out>
  <testcase classname="TestScripts.TestngDemo2DoE" name="createCustomer" time="0.003"/>
  <system-out>
    <![CDATA[createCustomer]]>
  </system-out>
  <testcase classname="TestScripts.TestngDemo2DoE" name="createCustomer" time="0.002"/>
  <system-out>
    <![CDATA[createCustomer]]>
  </system-out>
  <testcase classname="TestScripts.TestngDemo2DoE" name="createCustomer" time="0.002"/>
  <system-out>
    <![CDATA[createCustomer]]>
  </system-out>
  <testcase classname="TestScripts.TestngDemo2DoE" name="createCustomer" time="0.018"/>
  <system-out>
    <![CDATA[createCustomer]]>
  </system-out>
  <testcase classname="TestScripts.TestngDemo2DoE" name="createCustomer" time="0.002"/>
  <system-out>
    <![CDATA[createCustomer]]>
  </system-out>
  <testcase classname="TestScripts.TestngDemo2DoE" name="createCustomer" time="0.002"/>
  <system-out>
    <![CDATA[createCustomer]]>
  </system-out>
  <testcase classname="TestScripts.TestngDemo2DoE" name="modifyCustomer" time="0.003"/>
  <system-out>
    <![CDATA[modifyCustomer]]>
  </system-out>
  <testcase classname="TestScripts.TestngDemo2DoE" name="deleteCustomer" time="0.002"/>
  <system-out>
    <![CDATA[deleteCustomer]]>
  </system-out>
</testsuite> <!-- TestScripts.TestngDemo2DoE -->
