<?xml version="1.0" encoding="UTF-8"?>
<!-- Generated by org.testng.reporters.JUnitReportReporter -->
<testsuite hostname="LAPTOP-V1UAORND" failures="0" tests="1" name="TestScripts.TestngDemo1" time="0.021" errors="0" timestamp="2023-02-28T11:07:37 IST" skipped="0">
  <testcase classname="TestScripts.TestngDemo1" name="TestngDemo1" time="0.021"/>
  <system-out>
    <![CDATA[welcome to testing]]>
  </system-out>
</testsuite> <!-- TestScripts.TestngDemo1 -->
