<?xml version="1.0" encoding="UTF-8"?>
<!-- Generated by org.testng.reporters.JUnitReportReporter -->
<testsuite hostname="LAPTOP-V1UAORND" failures="0" tests="1" name="TestScripts.DemoAssertion1" time="2.860" errors="0" timestamp="2023-03-03T22:01:27 IST" skipped="0">
  <testcase classname="TestScripts.DemoAssertion1" name="VerifyTitle" time="2.860"/>
  <system-out/>
</testsuite> <!-- TestScripts.DemoAssertion1 -->
